#
# There is insufficient memory for the Java Runtime Environment to continue.
# Native memory allocation (mmap) failed to map 67108864 bytes. Error detail: G1 virtual space
# Possible reasons:
#   The system is out of physical RAM or swap space
#   This process is running with CompressedOops enabled, and the Java Heap may be blocking the growth of the native heap
# Possible solutions:
#   Reduce memory load on the system
#   Increase physical memory or swap space
#   Check if swap backing store is full
#   Decrease Java heap size (-Xmx/-Xms)
#   Decrease number of Java threads
#   Decrease Java thread stack sizes (-Xss)
#   Set larger code cache with -XX:ReservedCodeCacheSize=
#   JVM is running with Unscaled Compressed Oops mode in which the Java heap is
#     placed in the first 4GB address space. The Java Heap base address is the
#     maximum limit for the native heap growth. Please use -XX:HeapBaseMinAddress
#     to set the Java Heap base and to place the Java Heap above 4GB virtual address.
# This output file may be truncated or incomplete.
#
#  Out of Memory Error (os_windows.cpp:3631), pid=9112, tid=7240
#
# JRE version:  (22.0.2+9) (build )
# Java VM: Java HotSpot(TM) 64-Bit Server VM (22.0.2+9-70, mixed mode, sharing, tiered, compressed oops, compressed class ptrs, g1 gc, windows-amd64)
# No core dump will be written. Minidumps are not enabled by default on client versions of Windows
#

---------------  S U M M A R Y ------------

Command Line: prak_9.Main

Host: Intel(R) Core(TM) i3-5005U CPU @ 2.00GHz, 4 cores, 3G,  Windows 10 , 64 bit Build 19041 (10.0.19041.4842)
Time: Sat Nov  2 21:07:37 2024 SE Asia Standard Time elapsed time: 49.972669 seconds (0d 0h 0m 49s)

---------------  T H R E A D  ---------------

Current thread (0x000001d24a24f2f0):  JavaThread "Unknown thread" [_thread_in_vm, id=7240, stack(0x0000003937300000,0x0000003937400000) (1024K)]

Stack: [0x0000003937300000,0x0000003937400000]
Native frames: (J=compiled Java code, j=interpreted, Vv=VM code, C=native code)
V  [jvm.dll+0x6e26e9]  (no source info available)
V  [jvm.dll+0x875753]  (no source info available)
V  [jvm.dll+0x877b7e]  (no source info available)
V  [jvm.dll+0x878253]  (no source info available)
V  [jvm.dll+0x27fc86]  (no source info available)
V  [jvm.dll+0x6ded85]  (no source info available)
V  [jvm.dll+0x6d388a]  (no source info available)
V  [jvm.dll+0x358b8a]  (no source info available)
V  [jvm.dll+0x3610b6]  (no source info available)
V  [jvm.dll+0x3b419e]  (no source info available)
V  [jvm.dll+0x3b4448]  (no source info available)
V  [jvm.dll+0x32c5ec]  (no source info available)
V  [jvm.dll+0x32d258]  (no source info available)
V  [jvm.dll+0x83d5ac]  (no source info available)
V  [jvm.dll+0x3c10d1]  (no source info available)
V  [jvm.dll+0x8264cc]  (no source info available)
V  [jvm.dll+0x45bd5e]  (no source info available)
V  [jvm.dll+0x45dbe1]  (no source info available)
C  [jli.dll+0x52a3]  (no source info available)
C  [ucrtbase.dll+0x21bb2]  (no source info available)
C  [KERNEL32.DLL+0x17374]  (no source info available)
C  [ntdll.dll+0x4cc91]  (no source info available)


---------------  P R O C E S S  ---------------

Threads class SMR info:
_java_thread_list=0x00007ff834d2c1c8, length=0, elements={
}

Java Threads: ( => current thread )
Total: 0

Other Threads:
  0x000001d24c45f980 WorkerThread "GC Thread#0"                     [id=9228, stack(0x0000003937400000,0x0000003937500000) (1024K)]
  0x000001d24c468930 ConcurrentGCThread "G1 Main Marker"            [id=14076, stack(0x0000003937500000,0x0000003937600000) (1024K)]
  0x000001d24c46a3f0 WorkerThread "G1 Conc#0"                       [id=4984, stack(0x0000003937600000,0x0000003937700000) (1024K)]

[error occurred during error reporting (printing all threads), id 0xc0000005, EXCEPTION_ACCESS_VIOLATION (0xc0000005) at pc=0x00007ff83447f517]
VM state: not at safepoint (not fully initialized)

VM Mutex/Monitor currently owned by a thread:  ([mutex/lock_event])
[0x00007ff834dacc80] Heap_lock - owner thread: 0x000001d24a24f2f0

Heap address: 0x00000000c1600000, size: 1002 MB, Compressed Oops mode: 32-bit

CDS archive(s) mapped at: [0x0000000000000000-0x0000000000000000-0x0000000000000000), size 0, SharedBaseAddress: 0x0000000800000000, ArchiveRelocationMode: 1.
Narrow klass base: 0x0000000000000000, Narrow klass shift: 0, Narrow klass range: 0x0

GC Precious Log:
 CardTable entry size: 512
 Card Set container configuration: InlinePtr #cards 5 size 8 Array Of Cards #cards 12 size 40 Howl #buckets 4 coarsen threshold 1843 Howl Bitmap #cards 512 size 80 coarsen threshold 460 Card regions per heap region 1 cards per card region 2048

Heap:
 garbage-first heap   total reserved 1026048K, committed 0K, used 0K [0x00000000c1600000, 0x0000000100000000)
  region size 1024K, 0 young (0K), 0 survivors (0K)

[error occurred during error reporting (printing heap information), id 0xc0000005, EXCEPTION_ACCESS_VIOLATION (0xc0000005) at pc=0x00007ff83487e869]
GC Heap History (0 events):
No events

Dll operation events (1 events):
Event: 30.186 Loaded shared library C:\Program Files\Java\jdk-22\bin\java.dll

Deoptimization events (0 events):
No events

Classes loaded (0 events):
No events

Classes unloaded (0 events):
No events

Classes redefined (0 events):
No events

Internal exceptions (0 events):
No events

ZGC Phase Switch (0 events):
No events

VM Operations (0 events):
No events

Memory protections (0 events):
No events

Nmethod flushes (0 events):
No events

Events (0 events):
No events


Dynamic libraries:
0x00007ff7be7b0000 - 0x00007ff7be7c0000 	C:\Program Files\Java\jdk-22\bin\java.exe
0x00007ff87a2d0000 - 0x00007ff87a4c8000 	C:\WINDOWS\SYSTEM32\ntdll.dll
0x00007ff86bc60000 - 0x00007ff86bc7a000 	C:\Program Files\Avast Software\Avast\aswhook.dll
0x00007ff8787a0000 - 0x00007ff878861000 	C:\WINDOWS\System32\KERNEL32.DLL
0x00007ff877f60000 - 0x00007ff87825d000 	C:\WINDOWS\System32\KERNELBASE.dll
0x00007ff877a10000 - 0x00007ff877b10000 	C:\WINDOWS\System32\ucrtbase.dll
0x00007ff8742c0000 - 0x00007ff8742db000 	C:\Program Files\Java\jdk-22\bin\VCRUNTIME140.dll
0x00007ff866910000 - 0x00007ff866927000 	C:\Program Files\Java\jdk-22\bin\jli.dll
0x00007ff879610000 - 0x00007ff8797ad000 	C:\WINDOWS\System32\USER32.dll
0x00007ff877e90000 - 0x00007ff877eb2000 	C:\WINDOWS\System32\win32u.dll
0x00007ff878560000 - 0x00007ff87858b000 	C:\WINDOWS\System32\GDI32.dll
0x00007ff877d70000 - 0x00007ff877e87000 	C:\WINDOWS\System32\gdi32full.dll
0x00007ff877ec0000 - 0x00007ff877f5d000 	C:\WINDOWS\System32\msvcp_win.dll
0x00007ff86a6c0000 - 0x00007ff86a95a000 	C:\WINDOWS\WinSxS\amd64_microsoft.windows.common-controls_6595b64144ccf1df_6.0.19041.4355_none_60b8b9eb71f62e16\COMCTL32.dll
0x00007ff87a1f0000 - 0x00007ff87a28e000 	C:\WINDOWS\System32\msvcrt.dll
0x00007ff879c20000 - 0x00007ff879c4f000 	C:\WINDOWS\System32\IMM32.DLL
0x00007ff874410000 - 0x00007ff87441c000 	C:\Program Files\Java\jdk-22\bin\vcruntime140_1.dll
0x00007ff84bcd0000 - 0x00007ff84bd5e000 	C:\Program Files\Java\jdk-22\bin\msvcp140.dll
0x00007ff834140000 - 0x00007ff834e89000 	C:\Program Files\Java\jdk-22\bin\server\jvm.dll
0x00007ff879c50000 - 0x00007ff879d00000 	C:\WINDOWS\System32\ADVAPI32.dll
0x00007ff87a0e0000 - 0x00007ff87a180000 	C:\WINDOWS\System32\sechost.dll
0x00007ff878430000 - 0x00007ff878553000 	C:\WINDOWS\System32\RPCRT4.dll
0x00007ff878260000 - 0x00007ff878287000 	C:\WINDOWS\System32\bcrypt.dll
0x00007ff87a180000 - 0x00007ff87a1eb000 	C:\WINDOWS\System32\WS2_32.dll
0x00007ff876f10000 - 0x00007ff876f5b000 	C:\WINDOWS\SYSTEM32\POWRPROF.dll
0x00007ff86e1f0000 - 0x00007ff86e217000 	C:\WINDOWS\SYSTEM32\WINMM.dll
0x00007ff86eb40000 - 0x00007ff86eb4a000 	C:\WINDOWS\SYSTEM32\VERSION.dll
0x00007ff876d80000 - 0x00007ff876d92000 	C:\WINDOWS\SYSTEM32\UMPDC.dll
0x00007ff875720000 - 0x00007ff875732000 	C:\WINDOWS\SYSTEM32\kernel.appcore.dll
0x00007ff873f00000 - 0x00007ff873f0a000 	C:\Program Files\Java\jdk-22\bin\jimage.dll
0x00007ff86ecf0000 - 0x00007ff86eed4000 	C:\WINDOWS\SYSTEM32\DBGHELP.DLL
0x00007ff86ec00000 - 0x00007ff86ec34000 	C:\WINDOWS\SYSTEM32\dbgcore.DLL
0x00007ff877980000 - 0x00007ff877a02000 	C:\WINDOWS\System32\bcryptPrimitives.dll
0x00007ff868150000 - 0x00007ff86816e000 	C:\Program Files\Java\jdk-22\bin\java.dll
0x00007ff878870000 - 0x00007ff878fdf000 	C:\WINDOWS\System32\SHELL32.dll
0x00007ff878fe0000 - 0x00007ff87910b000 	C:\WINDOWS\System32\ole32.dll
0x00007ff879d80000 - 0x00007ff87a0d3000 	C:\WINDOWS\System32\combase.dll

dbghelp: loaded successfully - version: 4.0.5 - missing functions: none
symbol engine: initialized successfully - sym options: 0x614 - pdb path: .;C:\Program Files\Java\jdk-22\bin;C:\WINDOWS\SYSTEM32;C:\Program Files\Avast Software\Avast;C:\WINDOWS\WinSxS\amd64_microsoft.windows.common-controls_6595b64144ccf1df_6.0.19041.4355_none_60b8b9eb71f62e16;C:\Program Files\Java\jdk-22\bin\server

VM Arguments:
java_command: prak_9.Main
java_class_path (initial): D:\matkul\smt 3\pbo\prak_9\target\classes
Launcher Type: SUN_STANDARD

[Global flags]
     intx CICompilerCount                          = 3                                         {product} {ergonomic}
     uint ConcGCThreads                            = 1                                         {product} {ergonomic}
     uint G1ConcRefinementThreads                  = 4                                         {product} {ergonomic}
   size_t G1HeapRegionSize                         = 1048576                                   {product} {ergonomic}
   size_t InitialHeapSize                          = 67108864                                  {product} {ergonomic}
   size_t MarkStackSize                            = 4194304                                   {product} {ergonomic}
   size_t MaxHeapSize                              = 1050673152                                {product} {ergonomic}
   size_t MinHeapDeltaBytes                        = 1048576                                   {product} {ergonomic}
   size_t MinHeapSize                              = 8388608                                   {product} {ergonomic}
    uintx NonNMethodCodeHeapSize                   = 5832780                                {pd product} {ergonomic}
    uintx NonProfiledCodeHeapSize                  = 122912730                              {pd product} {ergonomic}
    uintx ProfiledCodeHeapSize                     = 122912730                              {pd product} {ergonomic}
    uintx ReservedCodeCacheSize                    = 251658240                              {pd product} {ergonomic}
     bool SegmentedCodeCache                       = true                                      {product} {ergonomic}
   size_t SoftMaxHeapSize                          = 1050673152                             {manageable} {ergonomic}
     bool UseCompressedOops                        = true                           {product lp64_product} {ergonomic}
     bool UseG1GC                                  = true                                      {product} {ergonomic}
     bool UseLargePagesIndividualAllocation        = false                                  {pd product} {ergonomic}

Logging:
Log output configuration:
 #0: stdout all=warning uptime,level,tags foldmultilines=false
 #1: stderr all=off uptime,level,tags foldmultilines=false

Environment Variables:
JAVA_HOME=C:\Program Files\Java\jdk-22
PATH=C:\Program Files\Common Files\Oracle\Java\javapath;C:\Program Files (x86)\Common Files\Oracle\Java\javapath;C:\Windows\system32;C:\Windows;C:\Windows\System32\Wbem;C:\Windows\System32\WindowsPowerShell\v1.0\;C:\Windows\System32\OpenSSH\;C:\Program Files (x86)\NVIDIA Corporation\PhysX\Common;C:\WINDOWS\system32;C:\WINDOWS;C:\WINDOWS\System32\Wbem;C:\WINDOWS\System32\WindowsPowerShell\v1.0\;C:\WINDOWS\System32\OpenSSH\;C:\java\jdk-8\bin;C:\hadoop\bin;C:\hadoop\sbin;C:\pig-0.17.0\bin;C:\hadoop\derby\bin;C:\hadoop\hive\bin;C:\Users\Inspiron\AppData\Local\Microsoft\WindowsApps;;C:\Users\Inspiron\AppData\Local\Programs\Microsoft VS Code\bin
USERNAME=Inspiron
OS=Windows_NT
PROCESSOR_IDENTIFIER=Intel64 Family 6 Model 61 Stepping 4, GenuineIntel
TMP=C:\Users\Inspiron\AppData\Local\Temp
TEMP=C:\Users\Inspiron\AppData\Local\Temp




Periodic native trim disabled

---------------  S Y S T E M  ---------------

OS:
 Windows 10 , 64 bit Build 19041 (10.0.19041.4842)
OS uptime: 25 days 1:56 hours

CPU: total 4 (initial active 4) (2 cores per cpu, 2 threads per core) family 6 model 61 stepping 4 microcode 0x2d, cx8, cmov, fxsr, ht, mmx, 3dnowpref, sse, sse2, sse3, ssse3, sse4.1, sse4.2, popcnt, lzcnt, tsc, tscinvbit, avx, avx2, aes, erms, clmul, bmi1, bmi2, adx, fma, vzeroupper, clflush, rdtscp, f16c
Processor Information for all 4 processors :
  Max Mhz: 2000, Current Mhz: 500, Mhz Limit: 2000

Memory: 4k page, system-wide physical 4006M (1686M free)
TotalPageFile size 10283M (AvailPageFile size 4204M)
current process WorkingSet (physical memory assigned to process): 10M, peak: 10M
current process commit charge ("private bytes"): 52M, peak: 116M

vm_info: Java HotSpot(TM) 64-Bit Server VM (22.0.2+9-70) for windows-amd64 JRE (22.0.2+9-70), built on 2024-06-04T16:52:23Z by "mach5one" with MS VC++ 17.6 (VS2022)

END.
